This is LuaTeX, Version beta-0.80.0 (TeX Live 2015) (rev 5238)  (format=lualatex 2015.10.7)  1 JAN 2016 15:49
 restricted \write18 enabled.
**report.tex
(./report.tex
LaTeX2e <2015/01/01>
Babel <3.9l> and hyphenation patterns for 79 languages loaded.
(/usr/local/texlive/2015/texmf-dist/tex/latex/base/article.cls
Document Class: article 2014/09/29 v1.4h Standard LaTeX document class
(/usr/local/texlive/2015/texmf-dist/tex/latex/base/size10.clo
File: size10.clo 2014/09/29 v1.4h Standard LaTeX file (size option)
)
\c@part=\count79
\c@section=\count80
\c@subsection=\count81
\c@subsubsection=\count82
\c@paragraph=\count83
\c@subparagraph=\count84
\c@figure=\count85
\c@table=\count86
\abovecaptionskip=\skip41
\belowcaptionskip=\skip42
\bibindent=\dimen102
)
(/usr/local/texlive/2015/texmf-dist/tex/latex/ctex/ctex.sty
(/usr/local/texlive/2015/texmf-dist/tex/latex/l3kernel/expl3.sty
Package: expl3 2015/03/01 v5547 L3 programming layer (loader) 

(/usr/local/texlive/2015/texmf-dist/tex/latex/l3kernel/expl3-code.tex
Package: expl3 2015/03/01 v5547 L3 programming layer (code) 
L3 Module: l3bootstrap 2015/02/28 v5542 L3 Bootstrap code
L3 Module: l3names 2015/02/24 v5535 L3 Namespace for primitives
L3 Module: l3basics 2015/01/27 v5500 L3 Basic definitions
L3 Module: l3expan 2014/11/27 v5472 L3 Argument expansion
L3 Module: l3tl 2015/01/27 v5500 L3 Token lists
L3 Module: l3str 2015/03/01 v5545 L3 Strings
L3 Module: l3seq 2014/08/23 v5354 L3 Sequences and stacks
L3 Module: l3int 2015/02/21 v5529 L3 Integers
\c_max_int=\count87
\l_tmpa_int=\count88
\l_tmpb_int=\count89
\g_tmpa_int=\count90
\g_tmpb_int=\count91
L3 Module: l3quark 2014/08/23 v5354 L3 Quarks
L3 Module: l3prg 2014/08/23 v5354 L3 Control structures
\g__prg_map_int=\count92
L3 Module: l3clist 2014/08/23 v5354 L3 Comma separated lists
L3 Module: l3token 2014/09/15 v5422 L3 Experimental token manipulation
L3 Module: l3prop 2014/08/23 v5354 L3 Property lists
L3 Module: l3msg 2015/02/26 v5537 L3 Messages
L3 Module: l3file 2014/08/24 v5369 L3 File and I/O operations
\l_iow_line_count_int=\count93
\l__iow_target_count_int=\count94
\l__iow_current_line_int=\count95
\l__iow_current_word_int=\count96
\l__iow_current_indentation_int=\count97
L3 Module: l3skip 2014/08/23 v5354 L3 Dimensions and skips
\c_zero_dim=\dimen103
\c_max_dim=\dimen104
\l_tmpa_dim=\dimen105
\l_tmpb_dim=\dimen106
\g_tmpa_dim=\dimen107
\g_tmpb_dim=\dimen108
\c_zero_skip=\skip43
\c_max_skip=\skip44
\l_tmpa_skip=\skip45
\l_tmpb_skip=\skip46
\g_tmpa_skip=\skip47
\g_tmpb_skip=\skip48
\c_zero_muskip=\muskip10
\c_max_muskip=\muskip11
\l_tmpa_muskip=\muskip12
\l_tmpb_muskip=\muskip13
\g_tmpa_muskip=\muskip14
\g_tmpb_muskip=\muskip15
L3 Module: l3keys 2015/01/27 v5500 L3 Key-value interfaces
\g__keyval_level_int=\count98
\l_keys_choice_int=\count99
L3 Module: l3fp 2014/08/22 v5336 L3 Floating points
\c__fp_leading_shift_int=\count100
\c__fp_middle_shift_int=\count101
\c__fp_trailing_shift_int=\count102
\c__fp_big_leading_shift_int=\count103
\c__fp_big_middle_shift_int=\count104
\c__fp_big_trailing_shift_int=\count105
\c__fp_Bigg_leading_shift_int=\count106
\c__fp_Bigg_middle_shift_int=\count107
\c__fp_Bigg_trailing_shift_int=\count108
L3 Module: l3box 2014/08/23 v5354 L3 Experimental boxes
\c_empty_box=\box26
\l_tmpa_box=\box27
\l_tmpb_box=\box28
\g_tmpa_box=\box29
\g_tmpb_box=\box30
L3 Module: l3coffins 2014/08/23 v5354 L3 Coffin code layer
\l__coffin_internal_box=\box31
\l__coffin_internal_dim=\dimen109
\l__coffin_offset_x_dim=\dimen110
\l__coffin_offset_y_dim=\dimen111
\l__coffin_x_dim=\dimen112
\l__coffin_y_dim=\dimen113
\l__coffin_x_prime_dim=\dimen114
\l__coffin_y_prime_dim=\dimen115
\c_empty_coffin=\box32
\l__coffin_aligned_coffin=\box33
\l__coffin_aligned_internal_coffin=\box34
\l_tmpa_coffin=\box35
\l_tmpb_coffin=\box36
\l__coffin_display_coffin=\box37
\l__coffin_display_coord_coffin=\box38
\l__coffin_display_pole_coffin=\box39
\l__coffin_display_offset_dim=\dimen116
\l__coffin_display_x_dim=\dimen117
\l__coffin_display_y_dim=\dimen118
L3 Module: l3color 2014/08/23 v5354 L3 Experimental color support
L3 Module: l3candidates 2015/03/01 v5544 L3 Experimental additions to l3kernel
\l__box_top_dim=\dimen119
\l__box_bottom_dim=\dimen120
\l__box_left_dim=\dimen121
\l__box_right_dim=\dimen122
\l__box_top_new_dim=\dimen123
\l__box_bottom_new_dim=\dimen124
\l__box_left_new_dim=\dimen125
\l__box_right_new_dim=\dimen126
\l__box_internal_box=\box40
\l__coffin_bounding_shift_dim=\dimen127
\l__coffin_left_corner_dim=\dimen128
\l__coffin_right_corner_dim=\dimen129
\l__coffin_bottom_corner_dim=\dimen130
\l__coffin_top_corner_dim=\dimen131
\l__coffin_scaled_total_height_dim=\dimen132
\l__coffin_scaled_width_dim=\dimen133
)
(/usr/local/texlive/2015/texmf-dist/tex/latex/l3kernel/l3unicode-data.def
File: l3unicode-data.def 2015/03/01 v5544 L3 Unicode data
)
(/usr/local/texlive/2015/texmf-dist/tex/latex/l3kernel/l3pdfmode.def
File: l3pdfmode.def 2015/03/01 v5544 L3 Experimental driver: PDF mode
\l__driver_color_stack_int=\count109
))
Package: ctex 2015/05/16 v2.0.2 Chinese adapter in LaTeX (CTEX)

(/usr/local/texlive/2015/texmf-dist/tex/latex/l3packages/xparse/xparse.sty
Package: xparse 2014/11/25 v5471 L3 Experimental document command parser
\l__xparse_current_arg_int=\count110
\l__xparse_m_args_int=\count111
\l__xparse_mandatory_args_int=\count112
\l__xparse_processor_int=\count113
\l__xparse_v_nesting_int=\count114
)
(/usr/local/texlive/2015/texmf-dist/tex/latex/l3packages/l3keys2e/l3keys2e.sty
Package: l3keys2e 2014/11/25 v5471 LaTeX2e option processing using LaTeX3 keys
)
(/usr/local/texlive/2015/texmf-dist/tex/latex/etoolbox/etoolbox.sty
Package: etoolbox 2015/05/04 v2.2 e-TeX tools for LaTeX (JAW)
\etb@tempcnta=\count115
)
(/usr/local/texlive/2015/texmf-dist/tex/generic/oberdiek/ifpdf.sty
Package: ifpdf 2011/01/30 v2.3 Provides the ifpdf switch (HO)
Package ifpdf Info: pdfTeX in PDF mode is detected.
)
(/usr/local/texlive/2015/texmf-dist/tex/latex/base/fix-cm.sty
Package: fix-cm 2015/01/14 v1.1t fixes to LaTeX

(/usr/local/texlive/2015/texmf-dist/tex/latex/base/ts1enc.def
File: ts1enc.def 2001/06/05 v3.0e (jk/car/fm) Standard LaTeX file
))
(/usr/local/texlive/2015/texmf-dist/tex/latex/ms/everysel.sty
Package: everysel 2011/10/28 v1.2 EverySelectfont Package (MS)
)
\l__ctex_tmp_int=\count116
\l__ctex_tmp_dim=\dimen134
\l__ctex_tmp_box=\box41
\g__file_internal_ior=\read1

(/usr/local/texlive/2015/texmf-dist/tex/latex/ctex/config/ctexopts.cfg
File: ctexopts.cfg 2015/05/16 v2.0.2 Option configuration file (CTEX)
)
.................................................
. LaTeX info: "xparse/define-command"
. 
. Defining command \ctexset with sig. '+m' on line 452.
.................................................
.................................................
. LaTeX info: "xparse/define-command"
. 
. Defining command \CTEXsetup with sig. '+o>{\TrimSpaces }m' on line 458.
.................................................
.................................................
. LaTeX info: "xparse/define-command"
. 
. Defining command \CTEXoptions with sig. '+o' on line 464.
.................................................

(/usr/local/texlive/2015/texmf-dist/tex/latex/ctex/engine/ctex-engine-luatex.de
f
File: ctex-engine-luatex.def 2015/05/16 v2.0.2 LuaLaTeX adapter (CTEX)
 (/usr/local/texlive/2015/texmf-dist/tex/luatex/luatexja/luatexja.sty
Package: luatexja 2013/05/14 Japanese Typesetting with LuaTeX

(/usr/local/texlive/2015/texmf-dist/tex/luatex/luatexja/luatexja-core.sty
Package: luatexja-core 2015/05/03 Core of LuaTeX-ja

(/usr/local/texlive/2015/texmf-dist/tex/luatex/luaotfload/luaotfload.sty
Package: luaotfload 2014/08/10 v2.5-4 OpenType layout system

(/usr/local/texlive/2015/texmf-dist/tex/luatex/luatexbase/luatexbase.sty
Package: luatexbase 2013/05/11 v0.6 Resource management for the LuaTeX macro pro
grammer

(/usr/local/texlive/2015/texmf-dist/tex/generic/oberdiek/ifluatex.sty
Package: ifluatex 2010/03/01 v1.3 Provides the ifluatex switch (HO)
Package ifluatex Info: LuaTeX detected.
)
(/usr/local/texlive/2015/texmf-dist/tex/generic/oberdiek/luatex.sty
Package: luatex 2010/03/09 v0.4 LuaTeX basic definition package (HO)

(/usr/local/texlive/2015/texmf-dist/tex/generic/oberdiek/infwarerr.sty
Package: infwarerr 2010/04/08 v1.3 Providing info/warning/error messages (HO)
)
(/usr/local/texlive/2015/texmf-dist/tex/latex/etex-pkg/etex.sty
Package: etex 2015/03/02 v2.1 eTeX basic definition package (PEB,DPC)
\et@xins=\count117
)
\LuT@AllocAttribute=\count277
\LuT@AllocCatcodeTable=\count278
\CatcodeTableStack=\count279
\CatcodeTableIniTeX=\catcodetable1
\CatcodeTableString=\catcodetable3
\CatcodeTableOther=\catcodetable5
\CatcodeTableLaTeX=\catcodetable7

(/usr/local/texlive/2015/texmf-dist/tex/generic/oberdiek/luatex-loader.sty
Package: luatex-loader 2010/03/09 v0.4 Lua module loader (HO)

(/usr/local/texlive/2015/texmf-dist/scripts/oberdiek/oberdiek.luatex.lua)))
(/usr/local/texlive/2015/texmf-dist/tex/luatex/luatexbase/luatexbase-compat.sty
Package: luatexbase-compat 2011/05/24 v0.4 Compatibility tools for LuaTeX
)
(/usr/local/texlive/2015/texmf-dist/tex/luatex/luatexbase/luatexbase-modutils.s
ty
Package: luatexbase-modutils 2013/05/11 v0.6 Module utilities for LuaTeX

(/usr/local/texlive/2015/texmf-dist/tex/luatex/luatexbase/luatexbase-loader.sty
Package: luatexbase-loader 2013/05/11 v0.6 Lua module loader for LuaTeX
(/usr/local/texlive/2015/texmf-dist/tex/luatex/luatexbase/luatexbase.loader.lua)
)
(/usr/local/texlive/2015/texmf-dist/tex/luatex/luatexbase/modutils.lua)
Lua module: luatexbase-modutils 2013/05/11 0.6 Module utilities for LuaTeX
)
(/usr/local/texlive/2015/texmf-dist/tex/luatex/luatexbase/luatexbase-regs.sty
Package: luatexbase-regs 2011/05/24 v0.4 Registers allocation for LuaTeX
)
(/usr/local/texlive/2015/texmf-dist/tex/luatex/luatexbase/luatexbase-attr.sty
Package: luatexbase-attr 2013/05/11 v0.6 Attributes allocation for LuaTeX

(/usr/local/texlive/2015/texmf-dist/tex/luatex/luatexbase/attr.lua)
Lua module: luatexbase-attr 2013/05/11 0.6 Attributes allocation for LuaTeX
\lltxb@attr@unsetvalue=\count280
)
(/usr/local/texlive/2015/texmf-dist/tex/luatex/luatexbase/luatexbase-cctb.sty
Package: luatexbase-cctb 2013/05/11 v0.6 Catcodetable allocation for LuaTeX

(/usr/local/texlive/2015/texmf-dist/tex/luatex/luatexbase/cctb.lua)
Lua module: luatexbase-cctb 2013/05/11 0.6 Catcodetable allocation for LuaTeX
\lltxb@catcodetable@alloc=\count281
\CatcodeTableStack=\count282
\CatcodeTableIniTeX=\luatexcatcodetable1
\CatcodeTableString=\luatexcatcodetable3
\CatcodeTableOther=\luatexcatcodetable5
\CatcodeTableLaTeX=\luatexcatcodetable7
\CatcodeTableLaTeXAtLetter=\luatexcatcodetable9
\CatcodeTableExpl=\luatexcatcodetable11
)
(/usr/local/texlive/2015/texmf-dist/tex/luatex/luatexbase/luatexbase-mcb.sty
Package: luatexbase-mcb 2013/05/11 v0.6 Callback management for LuaTeX

(/usr/local/texlive/2015/texmf-dist/tex/luatex/luatexbase/mcb.lua)
Lua module: luatexbase-mcb 2013/05/11 0.6 register several functions in a callba
ck
))
(/usr/local/texlive/2015/texmf-dist/tex/luatex/luaotfload/luaotfload-main.lua)
Lua module: luaotfload-main 2014/08/10 2.50003 OpenType layout system.

(/usr/local/texlive/2015/texmf-dist/tex/luatex/luaotfload/luaotfload-log.lua)
(/usr/local/texlive/2015/texmf-dist/tex/luatex/luaotfload/luaotfload-fontloader.
lua)(using write cache: /Users/liwenhao/Library/texlive/2015/texmf-var/luatex-ca
che/generic)(using read cache: /usr/local/texlive/2015/texmf-var/luatex-cache/ge
neric /Users/liwenhao/Library/texlive/2015/texmf-var/luatex-cache/generic)
luatexbase-attr: luatexbase.attributes["luaotfload@kernpair"] = 1
luatexbase-attr: luatexbase.attributes["luaotfload@ligacomp"] = 2
luatexbase-attr: luatexbase.attributes["luaotfload@markbase"] = 3
luatexbase-attr: luatexbase.attributes["luaotfload@markmark"] = 4
luatexbase-attr: luatexbase.attributes["luaotfload@markdone"] = 5
luatexbase-attr: luatexbase.attributes["luaotfload@cursbase"] = 6
luatexbase-attr: luatexbase.attributes["luaotfload@curscurs"] = 7
luatexbase-attr: luatexbase.attributes["luaotfload@cursdone"] = 8
luatexbase-attr: luatexbase.attributes["luaotfload@state"] = 9
luaotfload | main : fontloader loaded in 0.020 seconds
luatexbase-mcb: inserting 'luaotfload.node_processor'
at position 1 in 'pre_linebreak_filter'
luatexbase-mcb: inserting 'luaotfload.node_processor'
at position 1 in 'hpack_filter'
luatexbase-mcb: inserting 'luaotfload.find_vf_file'
at position 1 in 'find_vf_file'
(/usr/local/texlive/2015/texmf-dist/tex/luatex/luaotfload/luaotfload-override.lu
a)
(/usr/local/texlive/2015/texmf-dist/tex/luatex/luaotfload/luaotfload-parsers.lua
)
(/usr/local/texlive/2015/texmf-dist/tex/luatex/luaotfload/luaotfload-configurati
on.lua)
(/usr/local/texlive/2015/texmf-dist/tex/luatex/luaotfload/luaotfload-status.lua)
luaotfload | conf : Root cache directory is /Users/liwenhao/Library/texlive/2015
/texmf-var/luatex-cache/generic/names.
(/usr/local/texlive/2015/texmf-dist/tex/luatex/luaotfload/luaotfload-loaders.lua
)
(/usr/local/texlive/2015/texmf-dist/tex/luatex/luaotfload/luaotfload-database.lu
a)
(/usr/local/texlive/2015/texmf-dist/tex/luatex/luaotfload/luaotfload-colors.lua)
luaotfload | conf : Root cache directory is /Users/liwenhao/Library/texlive/2015
/texmf-var/luatex-cache/generic/names.
luatexbase-mcb: creating 'luaotfload.resolve_font' type 4
luatexbase-mcb: creating 'luaotfload.patch_font' type 4
luatexbase-mcb: resetting callback 'define_font'
luatexbase-mcb: inserting 'luaotfload.define_font'
at position 1 in 'define_font'
(/usr/local/texlive/2015/texmf-dist/tex/luatex/luaotfload/luaotfload-features.lu
a)
(/usr/local/texlive/2015/texmf-dist/tex/luatex/luaotfload/luaotfload-letterspace
.lua)
(/usr/local/texlive/2015/texmf-dist/tex/luatex/luaotfload/luaotfload-auxiliary.l
ua)
luatexbase-mcb: inserting 'luaotfload.aux.set_sscale_dimens'
at position 1 in 'luaotfload.patch_font'
luatexbase-mcb: inserting 'luaotfload.aux.patch_cambria_domh'
at position 2 in 'luaotfload.patch_font'
luatexbase-mcb: inserting 'luaotfload.aux.set_capheight'
at position 3 in 'luaotfload.patch_font'
luatexbase-mcb: inserting 'luaotfload.rewrite_fontname'
at position 4 in 'luaotfload.patch_font') (/usr/local/texlive/2015/texmf-dist/t
ex/generic/oberdiek/ltxcmds.sty
Package: ltxcmds 2011/11/09 v1.22 LaTeX kernel commands for general use (HO)
)
(/usr/local/texlive/2015/texmf-dist/tex/generic/oberdiek/pdftexcmds.sty
Package: pdftexcmds 2011/11/29 v0.20 Utility functions of pdfTeX for LuaTeX (HO)

Package pdftexcmds Info: \pdf@primitive is available.
Package pdftexcmds Info: \pdf@ifprimitive is available.
Package pdftexcmds Info: \pdfdraftmode found.

(/usr/local/texlive/2015/texmf-dist/scripts/oberdiek/pdftexcmds.lua)
\pdftexcmds@toks=\toks14
)
(/usr/local/texlive/2015/texmf-dist/tex/latex/xkeyval/xkeyval.sty
Package: xkeyval 2014/12/03 v2.7a package option processing (HA)

(/usr/local/texlive/2015/texmf-dist/tex/generic/xkeyval/xkeyval.tex
(/usr/local/texlive/2015/texmf-dist/tex/generic/xkeyval/xkvutils.tex
\XKV@toks=\toks15
\XKV@tempa@toks=\toks16

(/usr/local/texlive/2015/texmf-dist/tex/generic/xkeyval/keyval.tex))
\XKV@depth=\count283
File: xkeyval.tex 2014/12/03 v2.7a key=value parser (HA)
))
(/usr/local/texlive/2015/texmf-dist/tex/generic/oberdiek/atbegshi.sty
Package: atbegshi 2011/10/05 v1.16 At begin shipout hook (HO)
)
(/usr/local/texlive/2015/texmf-dist/tex/latex/everyhook/everyhook.sty
(/usr/local/texlive/2015/texmf-dist/tex/latex/svn-prov/svn-prov.sty
Package: svn-prov 2010/04/24 v3.1862 Package Date/Version from SVN Keywords
)
Package: everyhook 2014/11/26 v1.2 (SVN Rev: 12)\ Hooks for low level TeX everyX
 primitives.
\everypar=\toks17
\frozen@everymath=\toks18
\frozen@everydisplay=\toks19
\everyhbox=\toks20
\everyvbox=\toks21
\everycr=\toks22
)
\ltj@zw=\dimen256
\ltj@zh=\dimen257
\jQ=\dimen258
\ltj@icflag=\luatexattribute10
\ltj@curjfnt=\luatexattribute11
\ltj@curtfnt=\luatexattribute12
\ltj@origchar=\luatexattribute13
\ltj@charclass=\luatexattribute14
\ltj@charcode=\luatexattribute15
\ltj@autospc=\luatexattribute16
\ltj@autoxspc=\luatexattribute17
\ltj@yablshift=\luatexattribute18
\ltj@ykblshift=\luatexattribute19
\ltj@tablshift=\luatexattribute20
\ltj@tkblshift=\luatexattribute21
\jfam=\luatexattribute22
\ltj@dir=\luatexattribute23
\ltj@@japanese=\language80
\ltj@tempcnta=\count284
\ltj@kcat0=\luatexattribute24
\ltj@kcat1=\luatexattribute25
\ltj@kcat2=\luatexattribute26
\ltj@kcat3=\luatexattribute27
\ltj@kcat4=\luatexattribute28
\ltj@kcat5=\luatexattribute29
\ltj@kcat6=\luatexattribute30

(/usr/local/texlive/2015/texmf-dist/tex/luatex/lualibs/lualibs.lua)
Lua module: lualibs 2014-07-26 2.2 ConTeXt Lua standard libraries.
Lua module: lualibs-extended 2014-07-26 2.2 ConTeXt Lua libraries -- extended co
llection.
luatexbase-attr: new user-defined whatsit 1 (luatexja:inhibitglue)
luatexbase-attr: new user-defined whatsit 2 (luatexja:stack_marker)
luatexbase-attr: new user-defined whatsit 3 (luatexja:begin_par)
luatexbase-attr: new user-defined whatsit 4 (luatexja:direction)
(/usr/local/texlive/2015/texmf-dist/tex/luatex/luatexja/ltj-base.lua)
(/usr/local/texlive/2015/texmf-dist/tex/luatex/lualibs/lualibs-lpeg.lua)
(/usr/local/texlive/2015/texmf-dist/tex/luatex/lualibs/lualibs-os.lua)
(/usr/local/texlive/2015/texmf-dist/tex/luatex/luatexja/ltj-rmlgbm.lua)(load cac
he: /Users/liwenhao/Library/texlive/2015/texmf-var/luatexja/ltj-cid-auto-adobe-j
apan1.luc)
(/usr/local/texlive/2015/texmf-dist/tex/luatex/luatexja/ltj-charrange.lua)
Lua module: luatexja.charrange 2014/05/08  Handling the range of Japanese charac
ters

(/usr/local/texlive/2015/texmf-dist/tex/luatex/luatexja/ltj-stack.lua)
Lua module: luatexja.stack 2014/05/08  LuaTeX-ja stack system

(/usr/local/texlive/2015/texmf-dist/tex/luatex/luatexja/ltj-direction.lua)
luatexbase-mcb: inserting 'ltj.create_dir_whatsit'
at position 2 in 'hpack_filter'
luatexbase-mcb: inserting 'ltj.create_dir_whatsit'
at position 1 in 'post_linebreak_filter'
luatexbase-mcb: inserting 'ltj.direction'
at position 1 in 'vpack_filter'
luatexbase-mcb: inserting 'ltj.direction'
at position 1 in 'pre_output_filter'
luatexbase-mcb: inserting 'ltj.direction'
at position 1 in 'buildpage_filter'
(/usr/local/texlive/2015/texmf-dist/tex/luatex/luatexja/ltj-jfont.lua)
Lua module: luatexja.jfont 2015/05/03  Loader for Japanese fonts
luatexbase-mcb: creating 'luatexja.load_jfm' type 2
luatexbase-mcb: creating 'luatexja.find_char_class' type 2
luatexbase-mcb: creating 'luatexja.define_jfont' type 2
luatexbase-mcb: creating 'luatexja.define_font' type 4
Module luatexbase-mcb warning: several functions in 'define_font',
(luatexbase-mcb)               only one will be active.
luatexbase-mcb: inserting 'luatexja.font_callback'
at position 1 in 'define_font'
luatexbase-mcb: inserting 'ltj.prepare_extra_data'
at position 1 in 'luaotfload.patch_font'
luatexbase-mcb: inserting 'ltj.prepare_extra_data'
at position 1 in 'luatexja.define_font'
luatexbase-mcb: inserting '1'
at position 1 in 'luatexja.define_jfont'
(/usr/local/texlive/2015/texmf-dist/tex/luatex/luatexja/ltj-inputbuf.lua)
luatexbase-mcb: inserting 'ltj.process_input_buffer'
at position 1 in 'process_input_buffer'
(/usr/local/texlive/2015/texmf-dist/tex/luatex/luatexja/ltj-pretreat.lua)
luatexbase-mcb: inserting 'ltj.hyphenate'
at position 1 in 'hyphenate'
luatexbase-mcb: inserting 'ltj.hpack_filter_pre'
at position 1 in 'hpack_filter'
luatexbase-mcb: inserting 'ltj.pre_linebreak_filter_pre'
at position 1 in 'pre_linebreak_filter'
(/usr/local/texlive/2015/texmf-dist/tex/luatex/luatexja/ltj-setwidth.lua)
luatexbase-mcb: creating 'luatexja.set_width' type 2
(/usr/local/texlive/2015/texmf-dist/tex/luatex/luatexja/ltj-jfmglue.lua)
Lua module: luatexja.jfmglue 2015/05/03  Insertion process of JFM glues and kanj
iskip
luatexbase-mcb: creating 'luatexja.jfmglue.whatsit_getinfo' type 2
luatexbase-mcb: creating 'luatexja.jfmglue.whatsit_after' type 2
luatexbase-mcb: inserting 'luatexja.beginpar.np_info'
at position 1 in 'luatexja.jfmglue.whatsit_getinfo'
luatexbase-mcb: inserting 'luatexja.beginpar.np_info_after'
at position 1 in 'luatexja.jfmglue.whatsit_after'
(/usr/local/texlive/2015/texmf-dist/tex/luatex/luatexja/ltj-math.lua)
luatexbase-mcb: inserting 'ltj.mlist_to_hlist'
at position 1 in 'mlist_to_hlist'
(/usr/local/texlive/2015/texmf-dist/tex/luatex/luatexja/ltj-tangle.lua)
Lua module: luatexja.tangle 2011/05/14  
luatexbase-mcb: inserting 'ltj.pre_linebreak_filter'
at position 3 in 'pre_linebreak_filter'
luatexbase-mcb: inserting 'ltj.hpack_filter'
at position 3 in 'hpack_filter'
luatexbase-mcb: inserting 'ltj.adjust_icflag'
at position 1 in 'pre_linebreak_filter'
luatexbase-mcb: inserting 'ltj.adjust_icflag'
at position 1 in 'hpack_filter'
(/usr/local/texlive/2015/texmf-dist/tex/luatex/luatexja/ltj-base.sty
Package: ltj-base 2013/05/14
\ltj@tempcntb=\count285
\ltj@tempcntc=\count286
\ltj@tempdima=\dimen259
\ltj@afbox=\box256
)
\ltj@@stack=\count287
\ltj@@group@level=\count288
LaTeX Font Info:    External font `cmex10' loaded for size
(Font)              <7> on input line 570.
LaTeX Font Info:    External font `cmex10' loaded for size
(Font)              <5> on input line 570.
\ltj@temp@cctb=\luatexcatcodetable13
)
(/usr/local/texlive/2015/texmf-dist/tex/luatex/luatexja/luatexja-compat.sty
Package: luatexja-compat 2015/02/22 Compatibility with pTeX

(/usr/local/texlive/2015/texmf-dist/tex/luatex/luatexja/ltj-compat.lua)(load cac
he: /Users/liwenhao/Library/texlive/2015/texmf-var/luatexja/ltj-jisx0208.luc)
\hour=\count289
\minute=\count290
))
(/usr/local/texlive/2015/texmf-dist/tex/latex/fontspec/fontspec.sty
Package: fontspec 2015/03/14 v2.4c Font selection for XeLaTeX and LuaLaTeX

(/usr/local/texlive/2015/texmf-dist/tex/latex/fontspec/fontspec.lua)
Lua module: fontspec 2013/05/20 2.3c Advanced font selection for LuaLaTeX.
\l_fontspec_script_int=\count291
\l_fontspec_language_int=\count292
\l_fontspec_strnum_int=\count293
\l__fontspec_tmpa_dim=\dimen260
\l__fontspec_tmpb_dim=\dimen261
\l__fontspec_tmpc_dim=\dimen262
Variant \tl_gset:cV already defined; not changing it on line 71

(/usr/local/texlive/2015/texmf-dist/tex/latex/fontspec/fontspec-patches.sty
Package: fontspec-patches 2015/03/14 v2.4c Font selection for XeLaTeX and LuaLaT
eX
LaTeX Info: Redefining \em on input line 49.
LaTeX Info: Redefining \emph on input line 57.
LaTeX Info: Redefining \- on input line 60.
.................................................
. LaTeX info: "xparse/redefine-command"
. 
. Redefining command \oldstylenums with sig. 'm' on line 155.
.................................................
.................................................
. LaTeX info: "xparse/define-command"
. 
. Defining command \liningnums with sig. 'm' on line 159.
.................................................
)
(/usr/local/texlive/2015/texmf-dist/tex/latex/fontspec/fontspec-luatex.sty
Package: fontspec-luatex 2015/03/14 v2.4c Font selection for XeLaTeX and LuaLaTe
X

(/usr/local/texlive/2015/texmf-dist/tex/latex/base/fontenc.sty
Package: fontenc 2005/09/27 v1.99g Standard LaTeX package

(/usr/local/texlive/2015/texmf-dist/tex/latex/euenc/eu2enc.def
File: eu2enc.def 2010/05/27 v0.1h Experimental Unicode font encodings
)
LaTeX Font Info:    Try loading font information for EU2+lmr on input line 105.

(/usr/local/texlive/2015/texmf-dist/tex/latex/euenc/eu2lmr.fd
File: eu2lmr.fd 2009/10/30 v1.6 Font defs for Latin Modern
)
luaotfload | db : Font names database loaded from /Users/liwenhao/Library/texliv
e/2015/texmf-var/luatex-cache/generic/names/luaotfload-names.luc(compiling luc: 
/usr/local/texlive/2015/texmf-var/luatex-cache/generic/fonts/otf/lmroman10-regul
ar.luc)(load luc: /Users/liwenhao/Library/texlive/2015/texmf-var/luatex-cache/ge
neric/fonts/otf/lmroman10-regular.luc)(load cache: /Users/liwenhao/Library/texli
ve/2015/texmf-var/luatexja/extra_lmroman10-regular.luc))
(/usr/local/texlive/2015/texmf-dist/tex/xelatex/xunicode/xunicode.sty
File: xunicode.sty 2011/09/09 v0.981 provides access to latin accents and many o
ther characters in Unicode lower plane

(/usr/local/texlive/2015/texmf-dist/tex/latex/tipa/t3enc.def
File: t3enc.def 2001/12/31 T3 encoding
(compiling luc: /usr/local/texlive/2015/texmf-var/luatex-cache/generic/fonts/otf
/lmromanslant10-regular.luc)(load luc: /Users/liwenhao/Library/texlive/2015/texm
f-var/luatex-cache/generic/fonts/otf/lmromanslant10-regular.luc)(load cache: /Us
ers/liwenhao/Library/texlive/2015/texmf-var/luatexja/extra_lmromanslant10-regula
r.luc)(compiling luc: /usr/local/texlive/2015/texmf-var/luatex-cache/generic/fon
ts/otf/lmroman10-italic.luc)(load luc: /Users/liwenhao/Library/texlive/2015/texm
f-var/luatex-cache/generic/fonts/otf/lmroman10-italic.luc)(load cache: /Users/li
wenhao/Library/texlive/2015/texmf-var/luatexja/extra_lmroman10-italic.luc)(compi
ling luc: /usr/local/texlive/2015/texmf-var/luatex-cache/generic/fonts/otf/lmrom
an10-bold.luc)(load luc: /Users/liwenhao/Library/texlive/2015/texmf-var/luatex-c
ache/generic/fonts/otf/lmroman10-bold.luc)(load cache: /Users/liwenhao/Library/t
exlive/2015/texmf-var/luatexja/extra_lmroman10-bold.luc)
LaTeX Font Info:    Try loading font information for EU2+lmss on input line 357.


(/usr/local/texlive/2015/texmf-dist/tex/latex/euenc/eu2lmss.fd
File: eu2lmss.fd 2009/10/30 v1.6 Font defs for Latin Modern
)(compiling luc: /usr/local/texlive/2015/texmf-var/luatex-cache/generic/fonts/ot
f/lmsans10-regular.luc)(load luc: /Users/liwenhao/Library/texlive/2015/texmf-var
/luatex-cache/generic/fonts/otf/lmsans10-regular.luc)(load cache: /Users/liwenha
o/Library/texlive/2015/texmf-var/luatexja/extra_lmsans10-regular.luc))
\tipaTiiicode=\count294
\tipasavetokens=\toks23
\tipachecktokens=\toks24

(/usr/local/texlive/2015/texmf-dist/tex/latex/graphics/graphicx.sty
Package: graphicx 2014/10/28 v1.0g Enhanced LaTeX Graphics (DPC,SPQR)

(/usr/local/texlive/2015/texmf-dist/tex/latex/graphics/graphics.sty
Package: graphics 2014/10/28 v1.0p Standard LaTeX Graphics (DPC,SPQR)

(/usr/local/texlive/2015/texmf-dist/tex/latex/graphics/trig.sty
Package: trig 1999/03/16 v1.09 sin cos tan (DPC)
)
(/usr/local/texlive/2015/texmf-dist/tex/latex/latexconfig/graphics.cfg
File: graphics.cfg 2010/04/23 v1.9 graphics configuration of TeX Live
)
Package graphics Info: Driver file: pdftex.def on input line 94.

(/usr/local/texlive/2015/texmf-dist/tex/latex/pdftex-def/pdftex.def
File: pdftex.def 2011/05/27 v0.06d Graphics/color for pdfTeX
\Gread@gobject=\count295
))
\Gin@req@height=\dimen263
\Gin@req@width=\dimen264
))
.................................................
. LaTeX info: "xparse/define-command"
. 
. Defining command \__fontspec_post_arg:w with sig. 'mmO{}' on line 45.
.................................................
.................................................
. LaTeX info: "xparse/define-command"
. 
. Defining command \fontspec with sig. 'om' on line 47.
.................................................
.................................................
. LaTeX info: "xparse/define-command"
. 
. Defining command \setmainfont with sig. 'om' on line 57.
.................................................
.................................................
. LaTeX info: "xparse/define-command"
. 
. Defining command \setsansfont with sig. 'om' on line 67.
.................................................
.................................................
. LaTeX info: "xparse/define-command"
. 
. Defining command \setmonofont with sig. 'om' on line 77.
.................................................
.................................................
. LaTeX info: "xparse/define-command"
. 
. Defining command \setmathrm with sig. 'om' on line 91.
.................................................
.................................................
. LaTeX info: "xparse/define-command"
. 
. Defining command \setboldmathrm with sig. 'om' on line 99.
.................................................
.................................................
. LaTeX info: "xparse/define-command"
. 
. Defining command \setmathsf with sig. 'om' on line 107.
.................................................
.................................................
. LaTeX info: "xparse/define-command"
. 
. Defining command \setmathtt with sig. 'om' on line 115.
.................................................
.................................................
. LaTeX info: "xparse/define-command"
. 
. Defining command \newfontfamily with sig. 'mom' on line 129.
.................................................
.................................................
. LaTeX info: "xparse/define-command"
. 
. Defining command \newfontface with sig. 'mom' on line 144.
.................................................
.................................................
. LaTeX info: "xparse/define-command"
. 
. Defining command \defaultfontfeatures with sig. 't+om' on line 158.
.................................................
.................................................
. LaTeX info: "xparse/define-command"
. 
. Defining command \addfontfeatures with sig. 'm' on line 214.
.................................................
.................................................
. LaTeX info: "xparse/define-command"
. 
. Defining command \newfontfeature with sig. 'mm' on line 225.
.................................................
.................................................
. LaTeX info: "xparse/define-command"
. 
. Defining command \newAATfeature with sig. 'mmmm' on line 233.
.................................................
.................................................
. LaTeX info: "xparse/define-command"
. 
. Defining command \newopentypefeature with sig. 'mmm' on line 241.
.................................................
.................................................
. LaTeX info: "xparse/define-command"
. 
. Defining command \aliasfontfeature with sig. 'mm' on line 265.
.................................................
.................................................
. LaTeX info: "xparse/define-command"
. 
. Defining command \aliasfontfeatureoption with sig. 'mmm' on line 274.
.................................................
.................................................
. LaTeX info: "xparse/define-command"
. 
. Defining command \newfontscript with sig. 'mm' on line 279.
.................................................
.................................................
. LaTeX info: "xparse/define-command"
. 
. Defining command \newfontlanguage with sig. 'mm' on line 305.
.................................................
.................................................
. LaTeX info: "xparse/define-command"
. 
. Defining command \DeclareFontsExtensions with sig. 'm' on line 325.
.................................................
Variant \prop_gput:cnV already defined; not changing it on line 708
Variant \prop_gput:cnx already defined; not changing it on line 709
\l__fontspec_tmp_int=\count296
LaTeX Info: Redefining \itshape on input line 2156.
LaTeX Info: Redefining \slshape on input line 2161.
LaTeX Info: Redefining \scshape on input line 2166.
LaTeX Info: Redefining \upshape on input line 2171.

(/usr/local/texlive/2015/texmf-dist/tex/latex/fontspec/fontspec.cfg)))
(/usr/local/texlive/2015/texmf-dist/tex/xelatex/xecjk/xunicode-addon.sty
Package: xunicode-addon 2015/05/15 v3.3.2 addon file for xunicode
.................................................
. LaTeX info: "xparse/redefine-command"
. 
. Redefining command \ReloadXunicode with sig. 'm' on line 89.
.................................................
.................................................
. LaTeX info: "xparse/redefine-command"
. 
. Redefining command \DeclareUTFmathsymbols with sig. 'm' on line 124.
.................................................
.................................................
. LaTeX info: "xparse/redefine-command"
. 
. Redefining command \UseMathAsText with sig. '' on line 133.
.................................................
.................................................
. LaTeX info: "xparse/redefine-command"
. 
. Redefining command \UndeclareUTFcharacter with sig. 'O{\UTFencname }mm' on
. line 168.
.................................................
.................................................
. LaTeX info: "xparse/redefine-command"
. 
. Redefining command \UndeclareUTFcomposite with sig. 'O{\UTFencname }mmm' on
. line 175.
.................................................
.................................................
. LaTeX info: "xparse/redefine-command"
. 
. Redefining command \DeclareUTFcharacter with sig. 'O{\UTFencname }mm' on
. line 202.
.................................................
.................................................
. LaTeX info: "xparse/define-command"
. 
. Defining command \DeclareUTFSymbol with sig. 'mO{\UTFencname }m' on line
. 228.
.................................................
.................................................
. LaTeX info: "xparse/define-command"
. 
. Defining command \DeclareUTFCommand with sig. 'mO{\UTFencname }m' on line
. 230.
.................................................
.................................................
. LaTeX info: "xparse/redefine-command"
. 
. Redefining command \DeclareUTFcomposite with sig. 'O{\UTFencname }mmm' on
. line 273.
.................................................
.................................................
. LaTeX info: "xparse/define-command"
. 
. Defining command \DeclareUTFCompositeCommand with sig. 'mO{\UTFencname }mm'
. on line 286.
.................................................
.................................................
. LaTeX info: "xparse/define-command"
. 
. Defining command \DeclareUTFCompositeSymbol with sig. 'mO{\UTFencname }mm'
. on line 291.
.................................................
.................................................
. LaTeX info: "xparse/define-command"
. 
. Defining command \DeclareUTFComposite with sig. 'mO{\UTFencname }' on line
. 293.
.................................................
.................................................
. LaTeX info: "xparse/define-command"
. 
. Defining command \DeclareUTFEncodedAccent with sig. 'mO{\UTFencname }mm' on
. line 295.
.................................................
.................................................
. LaTeX info: "xparse/define-command"
. 
. Defining command \DeclareUTFEncodedAccents with sig. 'mO{\UTFencname }mm' on
. line 297.
.................................................
.................................................
. LaTeX info: "xparse/define-command"
. 
. Defining command \DeclareUTFEncodedSymbol with sig. 'mO{\UTFencname }mm' on
. line 299.
.................................................
.................................................
. LaTeX info: "xparse/define-command"
. 
. Defining command \DeclareUTFEncodedCircle with sig. 'mO{\UTFencname }mm' on
. line 301.
.................................................
.................................................
. LaTeX info: "xparse/redefine-command"
. 
. Redefining command \DeclareEncodedCompositeCharacter with sig. 'mmmm' on
. line 303.
.................................................
.................................................
. LaTeX info: "xparse/redefine-command"
. 
. Redefining command \DeclareEncodedCompositeAccents with sig. 'mmmm' on line
. 305.
.................................................
.................................................
. LaTeX info: "xparse/define-command"
. 
. Defining command \DeclareUTFDoubleEncodedAccent with sig. 'mO{\UTFencname
. }mm' on line 307.
.................................................
.................................................
. LaTeX info: "xparse/define-command"
. 
. Defining command \DeclareUTFDoubleEncodedSymbol with sig. 'mO{\UTFencname
. }mm' on line 309.
.................................................
\l__xunadd_tmp_coffin=\box257
\l__xunadd_circle_coffin=\box258
.................................................
. LaTeX info: "xparse/define-command"
. 
. Defining command \settextcircledratio with sig. 'm' on line 460.
.................................................
.................................................
. LaTeX info: "xparse/define-command"
. 
. Defining command \AtBeginUTFCommand with sig. 'sO{}+m' on line 529.
.................................................
.................................................
. LaTeX info: "xparse/define-command"
. 
. Defining command \AtEndUTFCommand with sig. 'sO{}+m' on line 539.
.................................................
.................................................
. LaTeX info: "xparse/define-command"
. 
. Defining command \DeclareUTFTIPACommand with sig. 'O{\UTFencname }m' on line
. 571.
.................................................
)
(/usr/local/texlive/2015/texmf-dist/tex/xelatex/xunicode/xunicode.sty
File: xunicode.sty 2011/09/09 v0.981 provides access to latin accents and many o
ther characters in Unicode lower plane

*** Reloading Xunicode for encoding 'EU2' ***
) (/usr/local/texlive/2015/texmf-dist/tex/xelatex/xecjk/xunicode-extra.def
File: xunicode-extra.def 2015/05/15 v3.3.2 extra definition for xunicode
)
(/usr/local/texlive/2015/texmf-dist/tex/luatex/luatexja/patches/lltjp-fontspec.
sty
Package: lltjp-fontspec 2013/05/14 Patch to fontspec for LuaTeX-ja
)
\symCJKmath=\mathgroup4
LaTeX Font Info:    Overwriting symbol font `CJKmath' in version `bold'
(Font)                  LTJY3/song/m/n --> LTJY3/song/bx/n on input line 299.
.................................................
. LaTeX info: "xparse/define-command"
. 
. Defining command \CJKfamily with sig. 'm' on line 390.
.................................................
.................................................
. LaTeX info: "xparse/define-command"
. 
. Defining command \setCJKfamilyfont with sig. 'mO{}m' on line 516.
.................................................
.................................................
. LaTeX info: "xparse/define-command"
. 
. Defining command \newCJKfontfamily with sig. 'omO{}m' on line 524.
.................................................
.................................................
. LaTeX info: "xparse/define-command"
. 
. Defining command \CJKfontspec with sig. 'O{}m' on line 529.
.................................................
.................................................
. LaTeX info: "xparse/define-command"
. 
. Defining command \addCJKfontfeatures with sig. 'm' on line 534.
.................................................
.................................................
. LaTeX info: "xparse/define-command"
. 
. Defining command \setCJKmainfont with sig. 'O{}m' on line 540.
.................................................
.................................................
. LaTeX info: "xparse/define-command"
. 
. Defining command \setCJKsansfont with sig. 'O{}m' on line 546.
.................................................
.................................................
. LaTeX info: "xparse/define-command"
. 
. Defining command \setCJKmonofont with sig. 'O{}m' on line 551.
.................................................
.................................................
. LaTeX info: "xparse/define-command"
. 
. Defining command \setCJKmathfont with sig. 'O{}m' on line 553.
.................................................
.................................................
. LaTeX info: "xparse/define-command"
. 
. Defining command \defaultCJKfontfeatures with sig. 'm' on line 555.
.................................................
.................................................
. LaTeX info: "xparse/define-command"
. 
. Defining command \ctex_ltj_save_alternate_seq:Nnnwnw with sig.
. 'mmm+O{}mu{\q_stop }' on line 692.
.................................................
\g__ctex_ltj_family_int=\count297
.................................................
. LaTeX info: "xparse/define-command"
. 
. Defining command \ctex_ltj_set_alternate_shape:nnn with sig.
. 'mm>{\SplitArgument {\c_one }{->}}m' on line 767.
.................................................
.................................................
. LaTeX info: "xparse/define-command"
. 
. Defining command \ctex_ltj_save_char_range:n with sig. '>{\SplitArgument
. {\c_one }{->}}m' on line 872.
.................................................
.................................................
. LaTeX info: "xparse/define-command"
. 
. Defining command \__ctex_ltj_char_range_parse_feature:w with sig.
. '+oou{\q_stop }' on line 918.
.................................................
\l__ctex_ltj_xkanjiskip_skip=\skip256

*************************************************
* ctex warning: "fntef-not-available"
* 
* Functions of `CJKfntef' is not available in LuaLaTeX.
*************************************************
\ccwd=\dimen265
\l__ctex_ccglue_skip=\skip257
(load cache: /Users/liwenhao/Library/texlive/2015/texmf-var/luatexja/ltj-cid-aut
o-adobe-gb1.luc)
(/usr/local/texlive/2015/texmf-dist/tex/luatex/luatexja/jfm-quanjiao.lua))
.................................................
. LaTeX info: "xparse/define-command"
. 
. Defining command \CTEXsetfont with sig. '' on line 503.
.................................................
.................................................
. LaTeX info: "xparse/define-command"
. 
. Defining command \ziju with sig. 'm' on line 575.
.................................................
\l__ctex_ziju_dim=\dimen266
.................................................
. LaTeX info: "xparse/define-command"
. 
. Defining command \CTEXindent with sig. '' on line 616.
.................................................
.................................................
. LaTeX info: "xparse/define-command"
. 
. Defining command \CTEXnoindent with sig. '' on line 622.
.................................................

(/usr/local/texlive/2015/texmf-dist/tex/latex/zhnumber/zhnumber.sty
Package: zhnumber 2014/09/13 v2.1 Typesetting numbers with Chinese glyphs
.................................................
. LaTeX info: "xparse/define-command"
. 
. Defining command \zhnumber with sig. '+o+m' on line 45.
.................................................
.................................................
. LaTeX info: "xparse/define-command"
. 
. Defining command \zhnumberwithoptions with sig. '+m+m' on line 52.
.................................................
.................................................
. LaTeX info: "xparse/define-command"
. 
. Defining command \zhnum with sig. '+o+m' on line 106.
.................................................
.................................................
. LaTeX info: "xparse/define-command"
. 
. Defining command \zhnumwithoptions with sig. '+m+m' on line 113.
.................................................
.................................................
. LaTeX info: "xparse/define-command"
. 
. Defining command \zhdigits with sig. '+s+o+m' on line 289.
.................................................
.................................................
. LaTeX info: "xparse/define-command"
. 
. Defining command \zhdigitswithoptions with sig. '+m+m+m' on line 296.
.................................................
.................................................
. LaTeX info: "xparse/define-command"
. 
. Defining command \zhdate with sig. '+s+m' on line 355.
.................................................
\l__zhnum_scale_int=\count298
.................................................
. LaTeX info: "xparse/define-command"
. 
. Defining command \zhnumExtendScaleMap with sig. '>{\TrimSpaces }+o+m' on
. line 468.
.................................................
.................................................
. LaTeX info: "xparse/define-command"
. 
. Defining command \zhnumsetup with sig. '+m' on line 800.
.................................................

(/usr/local/texlive/2015/texmf-dist/tex/latex/zhnumber/config/zhnumber-utf8.cfg
File: zhnumber-utf8.cfg 2014/09/13 v2.1 Chinese numerals with UTF8 encoding
))
.................................................
. LaTeX info: "xparse/define-command"
. 
. Defining command \CTEXnumber with sig. 'mm' on line 629.
.................................................
.................................................
. LaTeX info: "xparse/define-command"
. 
. Defining command \CTEXdigits with sig. 'mm' on line 631.
.................................................

(/usr/local/texlive/2015/texmf-dist/tex/latex/ctex/scheme/ctex-scheme-chinese.d
ef
File: ctex-scheme-chinese.def 2015/05/16 v2.0.2 Chinese scheme for generic (CTEX
)
 (/usr/local/texlive/2015/texmf-dist/tex/latex/ctex/config/ctex-name-utf8.cfg
File: ctex-name-utf8.cfg 2015/05/16 v2.0.2 Caption with encoding UTF8 (CTEX)
) (/usr/local/texlive/2015/texmf-dist/tex/latex/tools/indentfirst.sty
Package: indentfirst 1995/11/23 v1.03 Indent first paragraph (DPC)
))
.................................................
. LaTeX info: "xparse/define-command"
. 
. Defining command \zihao with sig. 'm' on line 708.
.................................................

(/usr/local/texlive/2015/texmf-dist/tex/latex/ctex/ctex-c5size.clo
File: ctex-c5size.clo 2015/05/16 v2.0.2 c5size option (CTEX)
)(compiling luc: /usr/local/texlive/2015/texmf-var/luatex-cache/generic/fonts/ot
f/lmroman8-regular.luc)(load luc: /Users/liwenhao/Library/texlive/2015/texmf-var
/luatex-cache/generic/fonts/otf/lmroman8-regular.luc)(load cache: /Users/liwenha
o/Library/texlive/2015/texmf-var/luatexja/extra_lmroman8-regular.luc)
.................................................
. LaTeX info: "xparse/define-command"
. 
. Defining command \CTeX with sig. '' on line 812.
.................................................

(/usr/local/texlive/2015/texmf-dist/tex/latex/ctex/fontset/ctex-fontset-mac.def
File: ctex-fontset-mac.def 2015/05/16 v2.0.2 Mac OS X fonts definition (CTEX)
luaotfload | cache : Lookup cache loaded from /Users/liwenhao/Library/texlive/20
15/texmf-var/luatex-cache/generic/names/luaotfload-lookup-cache.luc.
luaotfload | load : Lookup/name: "STSong" -> "Songti.ttc(4)"(compiling luc: /usr
/local/texlive/2015/texmf-var/luatex-cache/generic/fonts/otf/songti-4.luc)(load 
luc: /Users/liwenhao/Library/texlive/2015/texmf-var/luatex-cache/generic/fonts/o
tf/songti-4.luc)(load cache: /Users/liwenhao/Library/texlive/2015/texmf-var/luat
exja/extra_songti.luc)
luaotfload | load : Lookup/name: "STSong" -> "Songti.ttc(4)"
luaotfload | aux : font no 33 (STSong) defines no feature for script latn
luaotfload | aux : no font with id 33
.................................................
. fontspec info: "no-scripts"
. 
. Font STSong does not contain any OpenType `Script' information.
.................................................
\g__fontspec_family_STSong_int=\count299
luaotfload | load : Lookup/name: "STKaiti" -> "Kaiti.ttc(4)"(compiling luc: /usr
/local/texlive/2015/texmf-var/luatex-cache/generic/fonts/otf/kaiti-4.luc)(load l
uc: /Users/liwenhao/Library/texlive/2015/texmf-var/luatex-cache/generic/fonts/ot
f/kaiti-4.luc)(load cache: /Users/liwenhao/Library/texlive/2015/texmf-var/luatex
ja/extra_kaiti.luc)
luaotfload | load : Lookup/name: "STKaiti" -> "Kaiti.ttc(4)"
.................................................
. fontspec info: "no-font-shape"
. 
. Could not resolve font STKaiti/B (it probably doesn't exist).
.................................................
luaotfload | load : Lookup/name: "STHeiti" -> "华文黑体.ttf"(compiling luc: 
/usr/local/texlive/2015/texmf-var/luatex-cache/generic/fonts/otf/华文黑体.lu
c)(load luc: /Users/liwenhao/Library/texlive/2015/texmf-var/luatex-cache/generic
/fonts/otf/华文黑体.luc)(load cache: /Users/liwenhao/Library/texlive/2015/te
xmf-var/luatexja/extra_华文黑体.luc)
luaotfload | load : Lookup/name: "STHeiti" -> "华文黑体.ttf"
.................................................
. fontspec info: "no-font-shape"
. 
. Could not resolve font STHeiti/I (it probably doesn't exist).
.................................................
luaotfload | load : Lookup/name: "STSong" -> "Songti.ttc(4)"
luaotfload | load : Lookup/name: "STSong" -> "Songti.ttc(4)"
.................................................
. fontspec info: "no-font-shape"
. 
. Could not resolve font STSong/BI (it probably doesn't exist).
.................................................
luaotfload | load : Lookup/name: "STSong" -> "Songti.ttc(4)"
luaotfload | load : Lookup/name: "STSong" -> "Songti.ttc(4)"
luaotfload | aux : font no 33 (STSong) does not define feature smcp for script  
with language 
luaotfload | aux : no font with id 33
luaotfload | load : Lookup/name: "STHeiti" -> "华文黑体.ttf"
luaotfload | load : Lookup/name: "STHeiti" -> "华文黑体.ttf"
luaotfload | aux : font no 35 (STHeiti) does not define feature smcp for script 
 with language 
luaotfload | aux : no font with id 35
luaotfload | load : Lookup/name: "STKaiti" -> "Kaiti.ttc(4)"
luaotfload | load : Lookup/name: "STKaiti" -> "Kaiti.ttc(4)"
luaotfload | aux : font no 34 (STKaiti) does not define feature smcp for script 
 with language 
luaotfload | aux : no font with id 34
.................................................
. fontspec info: "defining-font"
. 
. Font family 'STSong(0)' created for font 'STSong' with options
. [JFM=quanjiao,BoldFont={STHeiti},ItalicFont={STKaiti},LTJFONTUID=1].
. 
. This font family consists of the following shapes:
. 
. * 'normal' with NFSS spec.:
. <->"STSong:mode=node;jfm=quanjiao;"
. 
. * 'small caps' with NFSS spec.:
. 
. and font adjustment code:
. 
. 
. * 'bold' with NFSS spec.:
. <->"STHeiti:mode=node;jfm=quanjiao;"
. 
. * 'bold small caps' with NFSS spec.:
. 
. and font adjustment code:
. 
. 
. * 'italic' with NFSS spec.:
. <->"STKaiti:mode=node;jfm=quanjiao;"
. 
. * 'small caps' with NFSS spec.:
. 
. and font adjustment code:
. 
.................................................
luaotfload | load : Lookup/name: "STSong" -> "Songti.ttc(4)"
.................................................
. LaTeX info: "xparse/define-command"
. 
. Defining command \songti with sig. '' on line 44.
.................................................
.................................................
. LaTeX info: "xparse/define-command"
. 
. Defining command \heiti with sig. '' on line 45.
.................................................
.................................................
. LaTeX info: "xparse/define-command"
. 
. Defining command \fangsong with sig. '' on line 46.
.................................................
.................................................
. LaTeX info: "xparse/define-command"
. 
. Defining command \kaishu with sig. '' on line 47.
.................................................
))
(/usr/local/texlive/2015/texmf-dist/tex/latex/ctex/config/ctex.cfg
File: ctex.cfg 2015/05/16 v2.0.2 Configuration file (CTEX)
)
(/usr/local/texlive/2015/texmf-dist/tex/latex/listings/listings.sty
\lst@mode=\count300
\lst@gtempboxa=\box259
\lst@token=\toks25
\lst@length=\count301
\lst@currlwidth=\dimen267
\lst@column=\count302
\lst@pos=\count303
\lst@lostspace=\dimen268
\lst@width=\dimen269
\lst@newlines=\count304
\lst@lineno=\count305
\lst@maxwidth=\dimen270

(/usr/local/texlive/2015/texmf-dist/tex/latex/listings/lstmisc.sty
File: lstmisc.sty 2014/09/06 1.5e (Carsten Heinz)
\c@lstnumber=\count306
\lst@skipnumbers=\count307
\lst@framebox=\box260
)
(/usr/local/texlive/2015/texmf-dist/tex/latex/listings/listings.cfg
File: listings.cfg 2014/09/06 1.5e listings configuration
))
Package: listings 2014/09/06 1.5e (Carsten Heinz)

(/usr/local/texlive/2015/texmf-dist/tex/luatex/luatexja/patches/lltjp-listings.
sty
Package: lltjp-listings 2015/01/07 Patch to listings for LuaTeX-ja
\CatcodeTableLTJlistings=\luatexcatcodetable15
 (/usr/local/texlive/2015/texmf-dist/tex/latex/listings/lstmisc.sty
File: lstmisc.sty 2014/09/06 1.5e (Carsten Heinz)
\lst@WFtoken=\toks26
\lst@WF=\write3
))
(/usr/local/texlive/2015/texmf-dist/tex/latex/multirow/multirow.sty
\bigstrutjot=\dimen271
)
(/usr/local/texlive/2015/texmf-dist/tex/latex/base/latexsym.sty
Package: latexsym 1998/08/17 v2.2e Standard LaTeX package (lasy symbols)
\symlasy=\mathgroup5
LaTeX Font Info:    Overwriting symbol font `lasy' in version `bold'
(Font)                  U/lasy/m/n --> U/lasy/b/n on input line 52.
)
(/usr/local/texlive/2015/texmf-dist/tex/latex/tools/bm.sty
Package: bm 2014/10/28 v1.1c Bold Symbol Support (DPC/FMi)
\symboldoperators=\mathgroup6
\symboldletters=\mathgroup7
\symboldsymbols=\mathgroup8
\symboldCJKmath=\mathgroup9
LaTeX Font Info:    Redeclaring math alphabet \mathbf on input line 141.
LaTeX Info: Redefining \bm on input line 207.
)
(/usr/local/texlive/2015/texmf-dist/tex/latex/amsmath/amsmath.sty
Package: amsmath 2013/01/14 v2.14 AMS math features
\@mathmargin=\skip258

For additional information on amsmath, use the `?' option.
(/usr/local/texlive/2015/texmf-dist/tex/latex/amsmath/amstext.sty
Package: amstext 2000/06/29 v2.01

(/usr/local/texlive/2015/texmf-dist/tex/latex/amsmath/amsgen.sty
File: amsgen.sty 1999/11/30 v2.0
\@emptytoks=\toks27
\ex@=\dimen272
))
(/usr/local/texlive/2015/texmf-dist/tex/latex/amsmath/amsbsy.sty
Package: amsbsy 1999/11/29 v1.2d
LaTeX Info: Redefining \boldsymbol on input line 39.
\pmbraise@=\dimen273
)
(/usr/local/texlive/2015/texmf-dist/tex/latex/amsmath/amsopn.sty
Package: amsopn 1999/12/14 v2.01 operator names
)
\inf@bad=\count308
LaTeX Info: Redefining \frac on input line 210.
\uproot@=\count309
\leftroot@=\count310
LaTeX Info: Redefining \overline on input line 306.
\classnum@=\count311
\DOTSCASE@=\count312
LaTeX Info: Redefining \ldots on input line 378.
LaTeX Info: Redefining \dots on input line 381.
LaTeX Info: Redefining \cdots on input line 466.
\Mathstrutbox@=\box261
\strutbox@=\box262
\big@size=\dimen274
LaTeX Font Info:    Redeclaring font encoding OML on input line 566.
LaTeX Font Info:    Redeclaring font encoding OMS on input line 567.
\macc@depth=\count313
\c@MaxMatrixCols=\count314
\dotsspace@=\muskip16
\c@parentequation=\count315
\dspbrk@lvl=\count316
\tag@help=\toks28
\row@=\count317
\column@=\count318
\maxfields@=\count319
\andhelp@=\toks29
\eqnshift@=\dimen275
\alignsep@=\dimen276
\tagshift@=\dimen277
\tagwidth@=\dimen278
\totwidth@=\dimen279
\lineht@=\dimen280
\@envbody=\toks30
\multlinegap=\skip259
\multlinetaggap=\skip260
\mathdisplay@stack=\toks31
LaTeX Info: Redefining \[ on input line 2665.
LaTeX Info: Redefining \] on input line 2666.
)
(/usr/local/texlive/2015/texmf-dist/tex/latex/amsfonts/amssymb.sty
Package: amssymb 2013/01/14 v3.01 AMS font symbols

(/usr/local/texlive/2015/texmf-dist/tex/latex/amsfonts/amsfonts.sty
Package: amsfonts 2013/01/14 v3.01 Basic AMSFonts support
\symAMSa=\mathgroup10
\symAMSb=\mathgroup11
LaTeX Font Info:    Overwriting math alphabet `\mathfrak' in version `bold'
(Font)                  U/euf/m/n --> U/euf/b/n on input line 106.
))
(/usr/local/texlive/2015/texmf-dist/tex/latex/xcolor/xcolor.sty
Package: xcolor 2007/01/21 v2.11 LaTeX color extensions (UK)

(/usr/local/texlive/2015/texmf-dist/tex/latex/latexconfig/color.cfg
File: color.cfg 2007/01/18 v1.5 color configuration of teTeX/TeXLive
)
Package xcolor Info: Driver file: pdftex.def on input line 225.
Package xcolor Info: Model `cmy' substituted by `cmy0' on input line 1337.
Package xcolor Info: Model `hsb' substituted by `rgb' on input line 1341.
Package xcolor Info: Model `RGB' extended on input line 1353.
Package xcolor Info: Model `HTML' substituted by `rgb' on input line 1355.
Package xcolor Info: Model `Hsb' substituted by `hsb' on input line 1356.
Package xcolor Info: Model `tHsb' substituted by `hsb' on input line 1357.
Package xcolor Info: Model `HSB' substituted by `hsb' on input line 1358.
Package xcolor Info: Model `Gray' substituted by `gray' on input line 1359.
Package xcolor Info: Model `wave' substituted by `hsb' on input line 1360.
)
(/usr/local/texlive/2015/texmf-dist/tex/latex/geometry/geometry.sty
Package: geometry 2010/09/12 v5.6 Page Geometry

(/usr/local/texlive/2015/texmf-dist/tex/generic/oberdiek/ifvtex.sty
Package: ifvtex 2010/03/01 v1.5 Detect VTeX and its facilities (HO)
Package ifvtex Info: VTeX not detected.
)
(/usr/local/texlive/2015/texmf-dist/tex/generic/ifxetex/ifxetex.sty
Package: ifxetex 2010/09/12 v0.6 Provides ifxetex conditional
)
\Gm@cnth=\count320
\Gm@cntv=\count321
\c@Gm@tempcnt=\count322
\Gm@bindingoffset=\dimen281
\Gm@wd@mp=\dimen282
\Gm@odd@mp=\dimen283
\Gm@even@mp=\dimen284
\Gm@layoutwidth=\dimen285
\Gm@layoutheight=\dimen286
\Gm@layouthoffset=\dimen287
\Gm@layoutvoffset=\dimen288
\Gm@dimlist=\toks32
)
(/usr/local/texlive/2015/texmf-dist/tex/latex/caption/caption.sty
Package: caption 2013/05/02 v3.3-89 Customizing captions (AR)

(/usr/local/texlive/2015/texmf-dist/tex/latex/caption/caption3.sty
Package: caption3 2013/05/02 v1.6-88 caption3 kernel (AR)
Package caption3 Info: TeX engine: e-TeX on input line 57.
\captionmargin=\dimen289
\captionmargin@=\dimen290
\captionwidth=\dimen291
\caption@tempdima=\dimen292
\caption@indent=\dimen293
\caption@parindent=\dimen294
\caption@hangindent=\dimen295
)
\c@ContinuedFloat=\count323
Package caption Info: listings package is loaded.
)
(/usr/local/texlive/2015/texmf-dist/tex/latex/algorithms/algorithm.sty
Package: algorithm 2009/08/24 v0.1 Document Style `algorithm' - floating environ
ment

(/usr/local/texlive/2015/texmf-dist/tex/latex/float/float.sty
Package: float 2001/11/08 v1.3d Float enhancements (AL)
\c@float@type=\count324
\float@exts=\toks33
\float@box=\box263
\@float@everytoks=\toks34
\@floatcapt=\box264
)
(/usr/local/texlive/2015/texmf-dist/tex/latex/base/ifthen.sty
Package: ifthen 2014/09/29 v1.1c Standard LaTeX ifthen package (DPC)
)
\@float@every@algorithm=\toks35
\c@algorithm=\count325
)
(/usr/local/texlive/2015/texmf-dist/tex/latex/algorithmicx/algpseudocode.sty
Package: algpseudocode 

(/usr/local/texlive/2015/texmf-dist/tex/latex/algorithmicx/algorithmicx.sty
Package: algorithmicx 2005/04/27 v1.2 Algorithmicx

Document Style algorithmicx 1.2 - a greatly improved `algorithmic' style
\c@ALG@line=\count326
\c@ALG@rem=\count327
\c@ALG@nested=\count328
\ALG@tlm=\skip261
\ALG@thistlm=\skip262
\c@ALG@Lnr=\count329
\c@ALG@blocknr=\count330
\c@ALG@storecount=\count331
\c@ALG@tmpcounter=\count332
\ALG@tmplength=\skip263
)
Document Style - pseudocode environments for use with the `algorithmicx' style
) (/usr/local/texlive/2015/texmf-dist/tex/latex/listings/lstlang1.sty
File: lstlang1.sty 2014/09/06 1.5e listings language file
)
(/usr/local/texlive/2015/texmf-dist/tex/latex/listings/lstmisc.sty
File: lstmisc.sty 2014/09/06 1.5e (Carsten Heinz)
)
LaTeX Font Info:    Redeclaring symbol font `CJKmath' on input line 42.
LaTeX Font Info:    Overwriting symbol font `CJKmath' in version `normal'
(Font)                  LTJY3/song/m/n --> LTJY3/STSong(0)/m/n on input line 42.

LaTeX Font Info:    Overwriting symbol font `CJKmath' in version `bold'
(Font)                  LTJY3/song/bx/n --> LTJY3/STSong(0)/m/n on input line 42
.
LaTeX Font Info:    Overwriting symbol font `CJKmath' in version `bold'
(Font)                  LTJY3/STSong(0)/m/n --> LTJY3/STSong(0)/bx/n on input li
ne 42.

(./report.aux)
\openout1 = report.aux

LaTeX Font Info:    Checking defaults for OML/cmm/m/it on input line 42.
LaTeX Font Info:    ... okay on input line 42.
LaTeX Font Info:    Checking defaults for T1/cmr/m/n on input line 42.
LaTeX Font Info:    ... okay on input line 42.
LaTeX Font Info:    Checking defaults for OT1/cmr/m/n on input line 42.
LaTeX Font Info:    ... okay on input line 42.
LaTeX Font Info:    Checking defaults for OMS/cmsy/m/n on input line 42.
LaTeX Font Info:    ... okay on input line 42.
LaTeX Font Info:    Checking defaults for OMX/cmex/m/n on input line 42.
LaTeX Font Info:    ... okay on input line 42.
LaTeX Font Info:    Checking defaults for U/cmr/m/n on input line 42.
LaTeX Font Info:    ... okay on input line 42.
LaTeX Font Info:    Checking defaults for TS1/cmr/m/n on input line 42.
LaTeX Font Info:    ... okay on input line 42.
LaTeX Font Info:    Checking defaults for EU2/lmr/m/n on input line 42.
LaTeX Font Info:    ... okay on input line 42.
LaTeX Font Info:    Checking defaults for T3/cmr/m/n on input line 42.
LaTeX Font Info:    Try loading font information for T3+cmr on input line 42.
 (/usr/local/texlive/2015/texmf-dist/tex/latex/tipa/t3cmr.fd
File: t3cmr.fd 2001/12/31 TIPA font definitions
)
LaTeX Font Info:    ... okay on input line 42.
LaTeX Font Info:    Checking defaults for LTJY3/song/m/n on input line 42.
LaTeX Font Info:    ... okay on input line 42.

ABD: EverySelectfont initializing macros
LaTeX Info: Redefining \selectfont on input line 42.
\AtBeginShipoutBox=\box265

(/usr/local/texlive/2015/texmf-dist/tex/context/base/supp-pdf.mkii
[Loading MPS to PDF converter (version 2006.09.02).]
\scratchcounter=\count333
\scratchdimen=\dimen296
\scratchbox=\box266
\nofMPsegments=\count334
\nofMParguments=\count335
\everyMPshowfont=\toks36
\MPscratchCnt=\count336
\MPscratchDim=\dimen297
\MPnumerator=\count337
\makeMPintoPDFobject=\count338
\everyMPtoPDFconversion=\toks37
) (/usr/local/texlive/2015/texmf-dist/tex/latex/oberdiek/epstopdf-base.sty
Package: epstopdf-base 2010/02/09 v2.5 Base part for package epstopdf

(/usr/local/texlive/2015/texmf-dist/tex/latex/oberdiek/grfext.sty
Package: grfext 2010/08/19 v1.1 Manage graphics extensions (HO)

(/usr/local/texlive/2015/texmf-dist/tex/generic/oberdiek/kvdefinekeys.sty
Package: kvdefinekeys 2011/04/07 v1.3 Define keys (HO)
))
(/usr/local/texlive/2015/texmf-dist/tex/latex/oberdiek/kvoptions.sty
Package: kvoptions 2011/06/30 v3.11 Key value format for package options (HO)

(/usr/local/texlive/2015/texmf-dist/tex/generic/oberdiek/kvsetkeys.sty
Package: kvsetkeys 2012/04/25 v1.16 Key value parser (HO)

(/usr/local/texlive/2015/texmf-dist/tex/generic/oberdiek/etexcmds.sty
Package: etexcmds 2011/02/16 v1.5 Avoid name clashes with e-TeX commands (HO)
)))
Package grfext Info: Graphics extension search list:
(grfext)             [.png,.pdf,.jpg,.mps,.tif,.jpeg,.PNG,.PDF,.JPG,.JPEG,.eps]
(grfext)             \AppendGraphicsExtensions on input line 452.

(/usr/local/texlive/2015/texmf-dist/tex/latex/latexconfig/epstopdf-sys.cfg
File: epstopdf-sys.cfg 2010/07/13 v1.3 Configuration of (r)epstopdf for TeX Live

))
.................................................
. fontspec info: "setup-math"
. 
. Adjusting the maths setup (use [no-math] to avoid this).
.................................................
\symlegacymaths=\mathgroup12
LaTeX Font Info:    Overwriting symbol font `legacymaths' in version `bold'
(Font)                  OT1/cmr/m/n --> OT1/cmr/bx/n on input line 42.
LaTeX Font Info:    Redeclaring math accent \acute on input line 42.
LaTeX Font Info:    Redeclaring math accent \grave on input line 42.
LaTeX Font Info:    Redeclaring math accent \ddot on input line 42.
LaTeX Font Info:    Redeclaring math accent \tilde on input line 42.
LaTeX Font Info:    Redeclaring math accent \bar on input line 42.
LaTeX Font Info:    Redeclaring math accent \breve on input line 42.
LaTeX Font Info:    Redeclaring math accent \check on input line 42.
LaTeX Font Info:    Redeclaring math accent \hat on input line 42.
LaTeX Font Info:    Redeclaring math accent \dot on input line 42.
LaTeX Font Info:    Redeclaring math accent \mathring on input line 42.
LaTeX Font Info:    Redeclaring math symbol \Gamma on input line 42.
LaTeX Font Info:    Redeclaring math symbol \Delta on input line 42.
LaTeX Font Info:    Redeclaring math symbol \Theta on input line 42.
LaTeX Font Info:    Redeclaring math symbol \Lambda on input line 42.
LaTeX Font Info:    Redeclaring math symbol \Xi on input line 42.
LaTeX Font Info:    Redeclaring math symbol \Pi on input line 42.
LaTeX Font Info:    Redeclaring math symbol \Sigma on input line 42.
LaTeX Font Info:    Redeclaring math symbol \Upsilon on input line 42.
LaTeX Font Info:    Redeclaring math symbol \Phi on input line 42.
LaTeX Font Info:    Redeclaring math symbol \Psi on input line 42.
LaTeX Font Info:    Redeclaring math symbol \Omega on input line 42.
LaTeX Font Info:    Redeclaring math symbol \mathdollar on input line 42.
LaTeX Font Info:    Redeclaring symbol font `operators' on input line 42.
LaTeX Font Info:    Encoding `OT1' has changed to `EU2' for symbol font
(Font)              `operators' in the math version `normal' on input line 42.
LaTeX Font Info:    Overwriting symbol font `operators' in version `normal'
(Font)                  OT1/cmr/m/n --> EU2/lmr/m/n on input line 42.
LaTeX Font Info:    Encoding `OT1' has changed to `EU2' for symbol font
(Font)              `operators' in the math version `bold' on input line 42.
LaTeX Font Info:    Overwriting symbol font `operators' in version `bold'
(Font)                  OT1/cmr/bx/n --> EU2/lmr/m/n on input line 42.
LaTeX Font Info:    Overwriting symbol font `operators' in version `normal'
(Font)                  EU2/lmr/m/n --> EU2/lmr/m/n on input line 42.
LaTeX Font Info:    Overwriting math alphabet `\mathit' in version `normal'
(Font)                  OT1/cmr/m/it --> EU2/lmr/m/it on input line 42.
LaTeX Font Info:    Overwriting math alphabet `\mathbf' in version `normal'
(Font)                  OT1/cmr/bx/n --> EU2/lmr/bx/n on input line 42.
LaTeX Font Info:    Overwriting math alphabet `\mathsf' in version `normal'
(Font)                  OT1/cmss/m/n --> EU2/lmss/m/n on input line 42.
LaTeX Font Info:    Overwriting math alphabet `\mathtt' in version `normal'
(Font)                  OT1/cmtt/m/n --> EU2/lmtt/m/n on input line 42.
LaTeX Font Info:    Overwriting symbol font `operators' in version `bold'
(Font)                  EU2/lmr/m/n --> EU2/lmr/bx/n on input line 42.
LaTeX Font Info:    Overwriting math alphabet `\mathit' in version `bold'
(Font)                  OT1/cmr/bx/it --> EU2/lmr/bx/it on input line 42.
LaTeX Font Info:    Overwriting math alphabet `\mathsf' in version `bold'
(Font)                  OT1/cmss/bx/n --> EU2/lmss/bx/n on input line 42.
LaTeX Font Info:    Overwriting math alphabet `\mathtt' in version `bold'
(Font)                  OT1/cmtt/m/n --> EU2/lmtt/bx/n on input line 42.
\c@lstlisting=\count339

*geometry* driver: auto-detecting
*geometry* detected driver: pdftex
*geometry* verbose mode - [ preamble ] result:
* driver: pdftex
* paper: <default>
* layout: <same size as paper>
* layoutoffset:(h,v)=(0.0pt,0.0pt)
* modes: 
* h-part:(L,W,R)=(76.82234pt, 460.65031pt, 76.82234pt)
* v-part:(T,H,B)=(85.35826pt, 624.25346pt, 85.35826pt)
* \paperwidth=614.295pt
* \paperheight=794.96999pt
* \textwidth=460.65031pt
* \textheight=624.25346pt
* \oddsidemargin=4.55235pt
* \evensidemargin=4.55235pt
* \topmargin=-23.91173pt
* \headheight=12.0pt
* \headsep=25.0pt
* \topskip=10.0pt
* \footskip=30.0pt
* \marginparwidth=65.0pt
* \marginparsep=11.0pt
* \columnsep=10.0pt
* \skip\footins=9.0pt plus 4.0pt minus 2.0pt
* \hoffset=0.0pt
* \voffset=0.0pt
* \mag=1000
* \@twocolumnfalse
* \@twosidefalse
* \@mparswitchfalse
* \@reversemarginfalse
* (1in=72.27pt=25.4mm, 1cm=28.453pt)

Package caption Info: Begin \AtBeginDocument code.
Package caption Info: float package is loaded.
Package caption Info: End \AtBeginDocument code.
(compiling luc: /usr/local/texlive/2015/texmf-var/luatex-cache/generic/fonts/otf
/lmroman17-regular.luc)(load luc: /Users/liwenhao/Library/texlive/2015/texmf-var
/luatex-cache/generic/fonts/otf/lmroman17-regular.luc)(load cache: /Users/liwenh
ao/Library/texlive/2015/texmf-var/luatexja/extra_lmroman17-regular.luc)
luaotfload | load : Lookup/name: "STSong" -> "Songti.ttc(4)"(compiling luc: /usr
/local/texlive/2015/texmf-var/luatex-cache/generic/fonts/otf/lmroman12-regular.l
uc)(load luc: /Users/liwenhao/Library/texlive/2015/texmf-var/luatex-cache/generi
c/fonts/otf/lmroman12-regular.luc)(load cache: /Users/liwenhao/Library/texlive/2
015/texmf-var/luatexja/extra_lmroman12-regular.luc)
luaotfload | load : Lookup/name: "STSong" -> "Songti.ttc(4)"(compiling luc: /usr
/local/texlive/2015/texmf-var/luatex-cache/generic/fonts/otf/lmroman6-regular.lu
c)(load luc: /Users/liwenhao/Library/texlive/2015/texmf-var/luatex-cache/generic
/fonts/otf/lmroman6-regular.luc)(load cache: /Users/liwenhao/Library/texlive/201
5/texmf-var/luatexja/extra_lmroman6-regular.luc)
luaotfload | load : Lookup/name: "STSong" -> "Songti.ttc(4)"
luaotfload | load : Lookup/name: "STSong" -> "Songti.ttc(4)"
LaTeX Font Info:    Try loading font information for U+msa on input line 47.

(/usr/local/texlive/2015/texmf-dist/tex/latex/amsfonts/umsa.fd
File: umsa.fd 2013/01/14 v3.01 AMS symbols A
)
LaTeX Font Info:    Try loading font information for U+msb on input line 47.

(/usr/local/texlive/2015/texmf-dist/tex/latex/amsfonts/umsb.fd
File: umsb.fd 2013/01/14 v3.01 AMS symbols B
) [1

{/usr/local/texlive/2015/texmf-var/fonts/map/pdftex/updmap/pdftex.map}]
luaotfload | load : Lookup/name: "STKaiti" -> "Kaiti.ttc(4)"
luaotfload | load : Lookup/name: "STKaiti" -> "Kaiti.ttc(4)"
luaotfload | aux : font no 34 (STKaiti) defines no feature for script latn
luaotfload | aux : no font with id 34
.................................................
. fontspec info: "no-scripts"
. 
. Font STKaiti does not contain any OpenType `Script' information.
.................................................
\g__fontspec_family_STKaiti_int=\count340
luaotfload | load : Lookup/name: "STKaiti" -> "Kaiti.ttc(4)"
luaotfload | load : Lookup/name: "STKaiti" -> "Kaiti.ttc(4)"
.................................................
. fontspec info: "no-font-shape"
. 
. Could not resolve font STKaiti/BI (it probably doesn't exist).
.................................................
luaotfload | load : Lookup/name: "STKaiti" -> "Kaiti.ttc(4)"
luaotfload | load : Lookup/name: "STKaiti" -> "Kaiti.ttc(4)"
.................................................
. fontspec info: "no-font-shape"
. 
. Could not resolve font STKaiti/B (it probably doesn't exist).
.................................................
luaotfload | load : Lookup/name: "STKaiti" -> "Kaiti.ttc(4)"
luaotfload | load : Lookup/name: "STKaiti" -> "Kaiti.ttc(4)"
.................................................
. fontspec info: "no-font-shape"
. 
. Could not resolve font STKaiti/I (it probably doesn't exist).
.................................................
luaotfload | load : Lookup/name: "STKaiti" -> "Kaiti.ttc(4)"
luaotfload | load : Lookup/name: "STKaiti" -> "Kaiti.ttc(4)"
luaotfload | aux : font no 34 (STKaiti) does not define feature smcp for script 
 with language 
luaotfload | aux : no font with id 34
.................................................
. fontspec info: "defining-font"
. 
. Font family 'STKaiti(0)' created for font 'STKaiti' with options
. [JFM=quanjiao,LTJFONTUID=7].
. 
. This font family consists of the following shapes:
. 
. * 'normal' with NFSS spec.:
. <->"STKaiti:mode=node;jfm=quanjiao;"
. 
. * 'small caps' with NFSS spec.:
. 
. and font adjustment code:
. 
.................................................
luaotfload | load : Lookup/name: "STKaiti" -> "Kaiti.ttc(4)"

LaTeX Font Warning: Font shape `LTJY3/STKaiti(0)/bx/n' undefined
(Font)              using `LTJY3/STKaiti(0)/m/n' instead on input line 52.

luaotfload | load : Lookup/name: "STKaiti" -> "Kaiti.ttc(4)" [1]
luaotfload | load : Lookup/name: "STSong" -> "Songti.ttc(4)"(compiling luc: /usr
/local/texlive/2015/texmf-var/luatex-cache/generic/fonts/otf/lmroman12-bold.luc)
(load luc: /Users/liwenhao/Library/texlive/2015/texmf-var/luatex-cache/generic/f
onts/otf/lmroman12-bold.luc)(load cache: /Users/liwenhao/Library/texlive/2015/te
xmf-var/luatexja/extra_lmroman12-bold.luc)
luaotfload | load : Lookup/name: "STHeiti" -> "华文黑体.ttf"
(./report.toc(compiling luc: /usr/local/texlive/2015/texmf-var/luatex-cache/gene
ric/fonts/otf/lmroman7-regular.luc)(load luc: /Users/liwenhao/Library/texlive/20
15/texmf-var/luatex-cache/generic/fonts/otf/lmroman7-regular.luc)(load cache: /U
sers/liwenhao/Library/texlive/2015/texmf-var/luatexja/extra_lmroman7-regular.luc
)(compiling luc: /usr/local/texlive/2015/texmf-var/luatex-cache/generic/fonts/ot
f/lmroman5-regular.luc)(load luc: /Users/liwenhao/Library/texlive/2015/texmf-var
/luatex-cache/generic/fonts/otf/lmroman5-regular.luc)(load cache: /Users/liwenha
o/Library/texlive/2015/texmf-var/luatexja/extra_lmroman5-regular.luc)
luaotfload | load : Lookup/name: "STSong" -> "Songti.ttc(4)"
luaotfload | load : Lookup/name: "STSong" -> "Songti.ttc(4)")
\tf@toc=\write4

\openout4 = report.toc
 [1]
luaotfload | load : Lookup/name: "STHeiti" -> "华文黑体.ttf"
[2]
luaotfload | load : Lookup/name: "STKaiti" -> "Kaiti.ttc(4)"
luaotfload | load : Lookup/name: "STFangsong" -> "华文仿宋.ttf"(compiling lu
c: /usr/local/texlive/2015/texmf-var/luatex-cache/generic/fonts/otf/华文仿
宋.luc)(load luc: /Users/liwenhao/Library/texlive/2015/texmf-var/luatex-cache/g
eneric/fonts/otf/华文仿宋.luc)(load cache: /Users/liwenhao/Library/texlive/2
015/texmf-var/luatexja/extra_华文仿宋.luc)
luaotfload | load : Lookup/name: "STFangsong" -> "华文仿宋.ttf"
luaotfload | aux : font no 116 (STFangsong) defines no feature for script latn
luaotfload | aux : no font with id 116
.................................................
. fontspec info: "no-scripts"
. 
. Font STFangsong does not contain any OpenType `Script' information.
.................................................
\g__fontspec_family_STFangsong_int=\count341
luaotfload | load : Lookup/name: "STFangsong" -> "华文仿宋.ttf"
luaotfload | load : Lookup/name: "STFangsong" -> "华文仿宋.ttf"
.................................................
. fontspec info: "no-font-shape"
. 
. Could not resolve font STFangsong/BI (it probably doesn't exist).
.................................................
luaotfload | load : Lookup/name: "STFangsong" -> "华文仿宋.ttf"
luaotfload | load : Lookup/name: "STFangsong" -> "华文仿宋.ttf"
.................................................
. fontspec info: "no-font-shape"
. 
. Could not resolve font STFangsong/B (it probably doesn't exist).
.................................................
luaotfload | load : Lookup/name: "STFangsong" -> "华文仿宋.ttf"
luaotfload | load : Lookup/name: "STFangsong" -> "华文仿宋.ttf"
.................................................
. fontspec info: "no-font-shape"
. 
. Could not resolve font STFangsong/I (it probably doesn't exist).
.................................................
luaotfload | load : Lookup/name: "STFangsong" -> "华文仿宋.ttf"
luaotfload | load : Lookup/name: "STFangsong" -> "华文仿宋.ttf"
luaotfload | aux : font no 116 (STFangsong) does not define feature smcp for scr
ipt  with language 
luaotfload | aux : no font with id 116
.................................................
. fontspec info: "defining-font"
. 
. Font family 'STFangsong(0)' created for font 'STFangsong' with options
. [JFM=quanjiao,LTJFONTUID=3].
. 
. This font family consists of the following shapes:
. 
. * 'normal' with NFSS spec.:
. <->"STFangsong:mode=node;jfm=quanjiao;"
. 
. * 'small caps' with NFSS spec.:
. 
. and font adjustment code:
. 
.................................................
luaotfload | load : Lookup/name: "STFangsong" -> "华文仿宋.ttf"
LaTeX Font Info:    Try loading font information for EU2+lmtt on input line 88.

(/usr/local/texlive/2015/texmf-dist/tex/latex/euenc/eu2lmtt.fd
File: eu2lmtt.fd 2009/10/30 v1.6 Font defs for Latin Modern
)(compiling luc: /usr/local/texlive/2015/texmf-var/luatex-cache/generic/fonts/ot
f/lmmono8-regular.luc)(load luc: /Users/liwenhao/Library/texlive/2015/texmf-var/
luatex-cache/generic/fonts/otf/lmmono8-regular.luc)(load cache: /Users/liwenhao/
Library/texlive/2015/texmf-var/luatexja/extra_lmmono8-regular.luc)
luatexbase-mcb: inserting 'ltj.listings_unicode'
at position 1 in 'process_input_buffer'
LaTeX Font Info:    Font shape `EU2/lmtt/bx/n' in size <7.52812> not available
(Font)              Font shape `EU2/lmtt/b/n' tried instead on input line 89.
(compiling luc: /usr/local/texlive/2015/texmf-var/luatex-cache/generic/fonts/otf
/lmmonolt10-bold.luc)(load luc: /Users/liwenhao/Library/texlive/2015/texmf-var/l
uatex-cache/generic/fonts/otf/lmmonolt10-bold.luc)(load cache: /Users/liwenhao/L
ibrary/texlive/2015/texmf-var/luatexja/extra_lmmonolt10-bold.luc)

LaTeX Font Warning: Font shape `LTJY3/STFangsong(0)/bx/n' undefined
(Font)              using `LTJY3/STFangsong(0)/m/n' instead on input line 89.

luaotfload | load : Lookup/name: "STFangsong" -> "华文仿宋.ttf"
luatexbase-mcb: removing 'ltj.listings_unicode'
from 'process_input_buffer'

LaTeX Font Warning: Font shape `LTJY3/STKaiti(0)/m/it' undefined
(Font)              using `LTJY3/STKaiti(0)/m/n' instead on input line 106.

luaotfload | load : Lookup/name: "STKaiti" -> "Kaiti.ttc(4)" [3] [4]
luatexbase-mcb: inserting 'ltj.listings_unicode'
at position 1 in 'process_input_buffer'
luatexbase-mcb: removing 'ltj.listings_unicode'
from 'process_input_buffer' <example1.png, id=33, 1330.9725pt x 266.9975pt>
File: example1.png Graphic file (type png)
 <use example1.png>
Package pdftex.def Info: example1.png used on input line 176.
(pdftex.def)             Requested size: 532.37958pt x 106.79709pt.

Overfull \hbox (71.72926pt too wide) in paragraph at lines 176--178
 [] 
 []

[5]
luatexbase-mcb: inserting 'ltj.listings_unicode'
at position 1 in 'process_input_buffer'
luaotfload | load : Lookup/name: "STSong" -> "Songti.ttc(4)" [6<./example1.png>]
luatexbase-mcb: removing 'ltj.listings_unicode'
from 'process_input_buffer' <example2.png, id=40, 768.8725pt x 138.5175pt>
File: example2.png Graphic file (type png)

<use example2.png>
Package pdftex.def Info: example2.png used on input line 224.
(pdftex.def)             Requested size: 307.54355pt x 55.406pt.
 <example3.png, id=41, 1320.935pt x 202.7575pt>
File: example3.png Graphic file (type png)

<use example3.png>
Package pdftex.def Info: example3.png used on input line 232.
(pdftex.def)             Requested size: 528.36464pt x 81.10156pt.

Overfull \hbox (67.71432pt too wide) in paragraph at lines 232--234
 [] 
 []

luatexbase-mcb: inserting 'ltj.listings_unicode'
at position 1 in 'process_input_buffer' [7<./example2.png><./example3.png>]
luatexbase-mcb: removing 'ltj.listings_unicode'
from 'process_input_buffer'
<example4.png, id=45, 1347.0325pt x 552.0625pt>
File: example4.png Graphic file (type png)
 <use example4.png>
Package pdftex.def Info: example4.png used on input line 283.
(pdftex.def)             Requested size: 538.80347pt x 220.82108pt.

Overfull \hbox (78.15315pt too wide) in paragraph at lines 283--285
 [] 
 []

[8<./example4.png>] [9] (./report.aux)

LaTeX Font Warning: Some font shapes were not available, defaults substituted.

)

Here is how much of LuaTeX's memory you used:
 25444 strings out of 494693
 596138,552014 words of node,token memory allocated
 2908 words of node memory still in use:
   7 hlist, 2 vlist, 2 rule, 3 glue, 12 kern, 701 attribute, 289 glue_spec, 41 a
ttribute_list, 1 write, 10 user_defined nodes
   avail lists: 1:7,2:109802,3:257,4:16410,5:8843,6:2298,7:5436,9:9668,10:571
 28294 multiletter control sequences out of 65536+600000
 121 fonts using 151033927 bytes
 62i,6n,95p,1239b,673s stack positions out of 5000i,500n,10000p,200000b,100000s
</usr/local/texlive/2015/texmf-dist/fonts/opentype/public/lm/lmroman10-italic.ot
f></usr/local/texlive/2015/texmf-dist/fonts/opentype/public/lm/lmmono8-regular.o
tf></usr/local/texlive/2015/texmf-dist/fonts/opentype/public/lm/lmmonolt10-bold.
otf></usr/local/texlive/2015/texmf-dist/fonts/opentype/public/lm/lmroman12-bold.
otf></usr/local/texlive/2015/texmf-dist/fonts/opentype/public/lm/lmroman10-regul
ar.otf></usr/local/texlive/2015/texmf-dist/fonts/opentype/public/lm/lmroman10-bo
ld.otf></Library/Fonts/华文黑体.ttf></Library/Fonts/Kaiti.ttc(STKaiti:4)></u
sr/local/texlive/2015/texmf-dist/fonts/opentype/public/lm/lmroman12-regular.otf>
</Library/Fonts/Songti.ttc(STSong:4)></usr/local/texlive/2015/texmf-dist/fonts/o
pentype/public/lm/lmroman17-regular.otf><</usr/local/texlive/2015/texmf-dist/fon
ts/type1/public/amsfonts/cm/cmmi10.pfb>
Output written on report.pdf (11 pages, 975829 bytes).

PDF statistics: 125 PDF objects out of 1000 (max. 8388607)
 73 compressed objects within 1 object stream
 0 named destinations out of 1000 (max. 131072)
 1 words of extra memory for PDF output out of 10000 (max. 10000000)

